0 info it worked if it ends with ok
1 verbose cli [ '/Users/mtaranto/.nvm/versions/node/v5.2.0/bin/node',
1 verbose cli   '/Users/mtaranto/.nvm/versions/node/v5.2.0/bin/npm',
1 verbose cli   'run',
1 verbose cli   'coveralls' ]
2 info using npm@3.3.12
3 info using node@v5.2.0
4 verbose run-script [ 'precoveralls', 'coveralls', 'postcoveralls' ]
5 info lifecycle focus-interval@1.0.0~precoveralls: focus-interval@1.0.0
6 silly lifecycle focus-interval@1.0.0~precoveralls: no script for precoveralls, continuing
7 info lifecycle focus-interval@1.0.0~coveralls: focus-interval@1.0.0
8 verbose lifecycle focus-interval@1.0.0~coveralls: unsafe-perm in lifecycle true
9 verbose lifecycle focus-interval@1.0.0~coveralls: PATH: /Users/mtaranto/.nvm/versions/node/v5.2.0/lib/node_modules/npm/bin/node-gyp-bin:/Users/mtaranto/projects/focus-interval/node_modules/.bin:/Users/mtaranto/.nvm/versions/node/v5.2.0/bin:/usr/local/bin:/usr/local/sbin:~/bin:/usr/local/bin:/usr/bin:/bin:/usr/sbin:/sbin
10 verbose lifecycle focus-interval@1.0.0~coveralls: CWD: /Users/mtaranto/projects/focus-interval
11 silly lifecycle focus-interval@1.0.0~coveralls: Args: [ '-c',
11 silly lifecycle   'cat ./coverage/lcov.info | ./node_modules/coveralls/bin/coveralls.js' ]
12 silly lifecycle focus-interval@1.0.0~coveralls: Returned: code: 1  signal: null
13 info lifecycle focus-interval@1.0.0~coveralls: Failed to exec coveralls script
14 verbose stack Error: focus-interval@1.0.0 coveralls: `cat ./coverage/lcov.info | ./node_modules/coveralls/bin/coveralls.js`
14 verbose stack Exit status 1
14 verbose stack     at EventEmitter.<anonymous> (/Users/mtaranto/.nvm/versions/node/v5.2.0/lib/node_modules/npm/lib/utils/lifecycle.js:232:16)
14 verbose stack     at emitTwo (events.js:88:13)
14 verbose stack     at EventEmitter.emit (events.js:173:7)
14 verbose stack     at ChildProcess.<anonymous> (/Users/mtaranto/.nvm/versions/node/v5.2.0/lib/node_modules/npm/lib/utils/spawn.js:24:14)
14 verbose stack     at emitTwo (events.js:88:13)
14 verbose stack     at ChildProcess.emit (events.js:173:7)
14 verbose stack     at maybeClose (internal/child_process.js:819:16)
14 verbose stack     at Process.ChildProcess._handle.onexit (internal/child_process.js:212:5)
15 verbose pkgid focus-interval@1.0.0
16 verbose cwd /Users/mtaranto/projects/focus-interval
17 error Darwin 14.5.0
18 error argv "/Users/mtaranto/.nvm/versions/node/v5.2.0/bin/node" "/Users/mtaranto/.nvm/versions/node/v5.2.0/bin/npm" "run" "coveralls"
19 error node v5.2.0
20 error npm  v3.3.12
21 error code ELIFECYCLE
22 error focus-interval@1.0.0 coveralls: `cat ./coverage/lcov.info | ./node_modules/coveralls/bin/coveralls.js`
22 error Exit status 1
23 error Failed at the focus-interval@1.0.0 coveralls script 'cat ./coverage/lcov.info | ./node_modules/coveralls/bin/coveralls.js'.
23 error Make sure you have the latest version of node.js and npm installed.
23 error If you do, this is most likely a problem with the focus-interval package,
23 error not with npm itself.
23 error Tell the author that this fails on your system:
23 error     cat ./coverage/lcov.info | ./node_modules/coveralls/bin/coveralls.js
23 error You can get their info via:
23 error     npm owner ls focus-interval
23 error There is likely additional logging output above.
24 verbose exit [ 1, true ]
